2025-11-11 22:55:27 | INFO | Starting LSTM training...
2025-11-11 22:58:34 | INFO | Starting LSTM training...
2025-11-11 22:59:18 | INFO | Starting LSTM training...
2025-11-11 22:59:58 | INFO | Starting LSTM training...
2025-11-11 23:02:41 | INFO | Starting LSTM training...
2025-11-11 23:04:37 | INFO | Starting LSTM training...
2025-11-11 23:04:38 | INFO | LSTM Epoch 1/10 | Loss: 0.349789
2025-11-11 23:04:38 | INFO | LSTM Epoch 2/10 | Loss: 0.031360
2025-11-11 23:04:39 | INFO | LSTM Epoch 3/10 | Loss: 0.014624
2025-11-11 23:04:39 | INFO | LSTM Epoch 4/10 | Loss: 0.012266
2025-11-11 23:04:40 | INFO | LSTM Epoch 5/10 | Loss: 0.011522
2025-11-11 23:04:41 | INFO | LSTM Epoch 6/10 | Loss: 0.010899
2025-11-11 23:04:41 | INFO | LSTM Epoch 7/10 | Loss: 0.010737
2025-11-11 23:04:42 | INFO | LSTM Epoch 8/10 | Loss: 0.009940
2025-11-11 23:04:42 | INFO | LSTM Epoch 9/10 | Loss: 0.009674
2025-11-11 23:04:43 | INFO | LSTM Epoch 10/10 | Loss: 0.008929
2025-11-11 23:06:53 | INFO | Starting LSTM training...
2025-11-11 23:06:54 | INFO | LSTM Epoch 1/10 | Loss: 0.307094
2025-11-11 23:06:54 | INFO | LSTM Epoch 2/10 | Loss: 0.037353
2025-11-11 23:06:55 | INFO | LSTM Epoch 3/10 | Loss: 0.016053
2025-11-11 23:06:55 | INFO | LSTM Epoch 4/10 | Loss: 0.012262
2025-11-11 23:06:55 | INFO | LSTM Epoch 5/10 | Loss: 0.011228
2025-11-11 23:06:56 | INFO | LSTM Epoch 6/10 | Loss: 0.010769
2025-11-11 23:06:57 | INFO | LSTM Epoch 7/10 | Loss: 0.010146
2025-11-11 23:06:57 | INFO | LSTM Epoch 8/10 | Loss: 0.009724
2025-11-11 23:06:58 | INFO | LSTM Epoch 9/10 | Loss: 0.009248
2025-11-11 23:06:58 | INFO | LSTM Epoch 10/10 | Loss: 0.008855
2025-11-11 23:09:02 | INFO | Starting LSTM training...
2025-11-11 23:09:03 | INFO | LSTM Epoch 1/10 | Loss: 0.315575
2025-11-11 23:09:04 | INFO | LSTM Epoch 2/10 | Loss: 0.038922
2025-11-11 23:09:04 | INFO | LSTM Epoch 3/10 | Loss: 0.013870
2025-11-11 23:09:05 | INFO | LSTM Epoch 4/10 | Loss: 0.011291
2025-11-11 23:09:05 | INFO | LSTM Epoch 5/10 | Loss: 0.010160
2025-11-11 23:09:06 | INFO | LSTM Epoch 6/10 | Loss: 0.009730
2025-11-11 23:09:06 | INFO | LSTM Epoch 7/10 | Loss: 0.009637
2025-11-11 23:09:07 | INFO | LSTM Epoch 8/10 | Loss: 0.009097
2025-11-11 23:09:07 | INFO | LSTM Epoch 9/10 | Loss: 0.008453
2025-11-11 23:09:08 | INFO | LSTM Epoch 10/10 | Loss: 0.008277
2025-11-11 23:09:49 | INFO | Starting LSTM training...
2025-11-11 23:09:50 | INFO | LSTM Epoch 1/10 | Loss: 0.354239
2025-11-11 23:09:51 | INFO | LSTM Epoch 2/10 | Loss: 0.031647
2025-11-11 23:09:51 | INFO | LSTM Epoch 3/10 | Loss: 0.012687
2025-11-11 23:09:52 | INFO | LSTM Epoch 4/10 | Loss: 0.011046
2025-11-11 23:09:52 | INFO | LSTM Epoch 5/10 | Loss: 0.009862
2025-11-11 23:09:53 | INFO | LSTM Epoch 6/10 | Loss: 0.009766
2025-11-11 23:09:54 | INFO | LSTM Epoch 7/10 | Loss: 0.009334
2025-11-11 23:09:54 | INFO | LSTM Epoch 8/10 | Loss: 0.009192
2025-11-11 23:09:55 | INFO | LSTM Epoch 9/10 | Loss: 0.008284
2025-11-11 23:09:56 | INFO | LSTM Epoch 10/10 | Loss: 0.008302
2025-11-11 23:12:28 | INFO | Starting LSTM training...
2025-11-11 23:12:29 | INFO | LSTM Epoch 1/10 | Loss: 0.272517
2025-11-11 23:12:30 | INFO | LSTM Epoch 2/10 | Loss: 0.024298
2025-11-11 23:12:30 | INFO | LSTM Epoch 3/10 | Loss: 0.013835
2025-11-11 23:12:31 | INFO | LSTM Epoch 4/10 | Loss: 0.011554
2025-11-11 23:12:31 | INFO | LSTM Epoch 5/10 | Loss: 0.010604
2025-11-11 23:12:32 | INFO | LSTM Epoch 6/10 | Loss: 0.009895
2025-11-11 23:12:32 | INFO | LSTM Epoch 7/10 | Loss: 0.009839
2025-11-11 23:12:33 | INFO | LSTM Epoch 8/10 | Loss: 0.008965
2025-11-11 23:12:34 | INFO | LSTM Epoch 9/10 | Loss: 0.008588
2025-11-11 23:12:34 | INFO | LSTM Epoch 10/10 | Loss: 0.008142
2025-11-11 23:12:34 | INFO | LSTM Evaluation | RMSE: 0.1809 | R2: 0.8262
2025-11-11 23:12:34 | INFO | Starting XGBoost training...
2025-11-11 23:14:20 | INFO | Starting LSTM training...
2025-11-11 23:14:52 | INFO | Starting LSTM training...
2025-11-11 23:15:42 | INFO | Starting LSTM training...
2025-11-11 23:16:01 | INFO | Starting LSTM training...
2025-11-11 23:19:16 | INFO | Starting LSTM training...
2025-11-11 23:20:12 | INFO | Starting LSTM training...
2025-11-11 23:20:26 | INFO | Starting LSTM training...
2025-11-11 23:21:06 | INFO | Starting LSTM training...
2025-11-11 23:21:07 | INFO | LSTM Epoch 1/10 | Loss: 0.311725
2025-11-11 23:21:08 | INFO | LSTM Epoch 2/10 | Loss: 0.029579
2025-11-11 23:21:08 | INFO | LSTM Epoch 3/10 | Loss: 0.011867
2025-11-11 23:21:09 | INFO | LSTM Epoch 4/10 | Loss: 0.011441
2025-11-11 23:21:10 | INFO | LSTM Epoch 5/10 | Loss: 0.010310
2025-11-11 23:21:10 | INFO | LSTM Epoch 6/10 | Loss: 0.010215
2025-11-11 23:21:11 | INFO | LSTM Epoch 7/10 | Loss: 0.009199
2025-11-11 23:21:11 | INFO | LSTM Epoch 8/10 | Loss: 0.008685
2025-11-11 23:21:12 | INFO | LSTM Epoch 9/10 | Loss: 0.008776
2025-11-11 23:21:12 | INFO | LSTM Epoch 10/10 | Loss: 0.007894
2025-11-11 23:21:12 | INFO | LSTM Evaluation | RMSE: 0.2004 | R2: 0.7868
2025-11-11 23:21:12 | INFO | Starting XGBoost training...
2025-11-11 23:24:52 | INFO | Starting LSTM training...
2025-11-11 23:24:53 | INFO | LSTM Epoch 1/10 | Loss: 0.288516
2025-11-11 23:24:54 | INFO | LSTM Epoch 2/10 | Loss: 0.026978
2025-11-11 23:24:54 | INFO | LSTM Epoch 3/10 | Loss: 0.012940
2025-11-11 23:24:55 | INFO | LSTM Epoch 4/10 | Loss: 0.011949
2025-11-11 23:24:55 | INFO | LSTM Epoch 5/10 | Loss: 0.011800
2025-11-11 23:24:56 | INFO | LSTM Epoch 6/10 | Loss: 0.010108
2025-11-11 23:24:56 | INFO | LSTM Epoch 7/10 | Loss: 0.010011
2025-11-11 23:24:57 | INFO | LSTM Epoch 8/10 | Loss: 0.009541
2025-11-11 23:24:57 | INFO | LSTM Epoch 9/10 | Loss: 0.008510
2025-11-11 23:24:58 | INFO | LSTM Epoch 10/10 | Loss: 0.008522
2025-11-11 23:24:58 | INFO | LSTM Evaluation | RMSE: 0.2275 | R2: 0.7252
2025-11-11 23:24:58 | INFO | Starting XGBoost training...
2025-11-11 23:26:03 | INFO | Starting LSTM training...
2025-11-11 23:26:04 | INFO | LSTM Epoch 1/10 | Loss: 0.284267
2025-11-11 23:26:05 | INFO | LSTM Epoch 2/10 | Loss: 0.026852
2025-11-11 23:26:05 | INFO | LSTM Epoch 3/10 | Loss: 0.012915
2025-11-11 23:26:06 | INFO | LSTM Epoch 4/10 | Loss: 0.011524
2025-11-11 23:26:06 | INFO | LSTM Epoch 5/10 | Loss: 0.011245
2025-11-11 23:26:07 | INFO | LSTM Epoch 6/10 | Loss: 0.010418
2025-11-11 23:26:07 | INFO | LSTM Epoch 7/10 | Loss: 0.009231
2025-11-11 23:26:08 | INFO | LSTM Epoch 8/10 | Loss: 0.008693
2025-11-11 23:26:08 | INFO | LSTM Epoch 9/10 | Loss: 0.008229
2025-11-11 23:26:09 | INFO | LSTM Epoch 10/10 | Loss: 0.007945
2025-11-11 23:26:09 | INFO | LSTM Evaluation | RMSE: 0.2192 | R2: 0.7449
2025-11-11 23:26:09 | INFO | Starting XGBoost training...
2025-11-11 23:28:59 | INFO | Starting LSTM training...
2025-11-11 23:29:00 | INFO | LSTM Epoch 1/10 | Loss: 0.285144
2025-11-11 23:29:00 | INFO | LSTM Epoch 2/10 | Loss: 0.025919
2025-11-11 23:29:01 | INFO | LSTM Epoch 3/10 | Loss: 0.012593
2025-11-11 23:29:01 | INFO | LSTM Epoch 4/10 | Loss: 0.011848
2025-11-11 23:29:02 | INFO | LSTM Epoch 5/10 | Loss: 0.010848
2025-11-11 23:29:02 | INFO | LSTM Epoch 6/10 | Loss: 0.009991
2025-11-11 23:29:03 | INFO | LSTM Epoch 7/10 | Loss: 0.009504
2025-11-11 23:29:04 | INFO | LSTM Epoch 8/10 | Loss: 0.009159
2025-11-11 23:29:04 | INFO | LSTM Epoch 9/10 | Loss: 0.008381
2025-11-11 23:29:05 | INFO | LSTM Epoch 10/10 | Loss: 0.008285
2025-11-11 23:29:05 | INFO | LSTM Evaluation | RMSE: 0.1995 | R2: 0.7888
2025-11-11 23:29:05 | INFO | Starting XGBoost training...
2025-11-11 23:29:05 | INFO | XGBoost Evaluation | RMSE: 0.2501 | R2: 0.6327
2025-11-11 23:32:51 | INFO | Starting LSTM training...
2025-11-11 23:32:53 | INFO | LSTM Epoch 1/10 | Loss: 0.333640
2025-11-11 23:32:53 | INFO | LSTM Epoch 2/10 | Loss: 0.036632
2025-11-11 23:32:54 | INFO | LSTM Epoch 3/10 | Loss: 0.013643
2025-11-11 23:32:54 | INFO | LSTM Epoch 4/10 | Loss: 0.010791
2025-11-11 23:32:55 | INFO | LSTM Epoch 5/10 | Loss: 0.010122
2025-11-11 23:32:55 | INFO | LSTM Epoch 6/10 | Loss: 0.009662
2025-11-11 23:32:56 | INFO | LSTM Epoch 7/10 | Loss: 0.009692
2025-11-11 23:32:56 | INFO | LSTM Epoch 8/10 | Loss: 0.008763
2025-11-11 23:32:57 | INFO | LSTM Epoch 9/10 | Loss: 0.008572
2025-11-11 23:32:57 | INFO | LSTM Epoch 10/10 | Loss: 0.007985
2025-11-11 23:32:57 | INFO | LSTM Evaluation | RMSE: 0.2182 | R2: 0.7474
2025-11-11 23:32:57 | INFO | Starting XGBoost training...
2025-11-11 23:32:58 | INFO | XGBoost Evaluation | RMSE: 0.2502 | R2: 0.6326
2025-11-11 23:32:58 | INFO | Saved XGBoost model -> models/xgboost_model.json
2025-11-11 23:32:58 | INFO | SUMMARY -> LSTM RMSE: 0.2182, R2: 0.7474 | XGB RMSE: 0.2502, R2: 0.6326
2025-11-12 18:19:19 | INFO | Starting LSTM training...
2025-11-12 18:19:21 | INFO | LSTM Epoch 1/10 | Loss: 0.307066
2025-11-12 18:19:21 | INFO | LSTM Epoch 2/10 | Loss: 0.027965
2025-11-12 18:19:22 | INFO | LSTM Epoch 3/10 | Loss: 0.012306
2025-11-12 18:19:22 | INFO | LSTM Epoch 4/10 | Loss: 0.011159
2025-11-12 18:19:23 | INFO | LSTM Epoch 5/10 | Loss: 0.010244
2025-11-12 18:19:24 | INFO | LSTM Epoch 6/10 | Loss: 0.009909
2025-11-12 18:19:24 | INFO | LSTM Epoch 7/10 | Loss: 0.009432
2025-11-12 18:19:25 | INFO | LSTM Epoch 8/10 | Loss: 0.008667
2025-11-12 18:19:25 | INFO | LSTM Epoch 9/10 | Loss: 0.010097
2025-11-12 18:19:26 | INFO | LSTM Epoch 10/10 | Loss: 0.008851
2025-11-12 18:19:26 | INFO | LSTM Evaluation | RMSE: 0.2056 | R2: 0.7794
2025-11-12 18:19:26 | INFO | Starting XGBoost training...
2025-11-12 18:19:26 | INFO | XGBoost Evaluation | RMSE: 0.2550 | R2: 0.6248
2025-11-12 18:19:26 | INFO | Saved XGBoost model -> models/xgboost_model.json
2025-11-12 18:19:26 | INFO | SUMMARY -> LSTM RMSE: 0.2056, R2: 0.7794 | XGB RMSE: 0.2550, R2: 0.6248
2025-11-14 15:05:29 | INFO | Starting LSTM training...
2025-11-14 15:05:30 | INFO | LSTM Epoch 1/10 | Loss: 0.273466
2025-11-14 15:05:31 | INFO | LSTM Epoch 2/10 | Loss: 0.024714
2025-11-14 15:05:31 | INFO | LSTM Epoch 3/10 | Loss: 0.012989
2025-11-14 15:05:31 | INFO | LSTM Epoch 4/10 | Loss: 0.011658
2025-11-14 15:05:32 | INFO | LSTM Epoch 5/10 | Loss: 0.010788
2025-11-14 15:05:32 | INFO | LSTM Epoch 6/10 | Loss: 0.011202
2025-11-14 15:05:33 | INFO | LSTM Epoch 7/10 | Loss: 0.009652
2025-11-14 15:05:33 | INFO | LSTM Epoch 8/10 | Loss: 0.009502
2025-11-14 15:05:34 | INFO | LSTM Epoch 9/10 | Loss: 0.008880
2025-11-14 15:05:34 | INFO | LSTM Epoch 10/10 | Loss: 0.008641
2025-11-14 15:05:34 | INFO | LSTM Evaluation | RMSE: 0.1852 | R2: 0.8257
2025-11-14 15:05:34 | INFO | Starting XGBoost training...
2025-11-14 15:05:34 | INFO | XGBoost Evaluation | RMSE: 0.2643 | R2: 0.6073
2025-11-14 15:05:34 | INFO | Saved XGBoost model -> models/xgboost_model.json
2025-11-14 15:05:34 | INFO | SUMMARY -> LSTM RMSE: 0.1852, R2: 0.8257 | XGB RMSE: 0.2643, R2: 0.6073
